<?xml version="1.0" encoding="UTF-8"?>
<!-- Generated by org.testng.reporters.JUnitXMLReporter -->
<testsuite hostname="BlrIS-AmbhrajY" ignored="0" name="Free CRM App Test Cases" tests="1" failures="1" timestamp="30 Sep 2018 16:44:57 GMT" time="38.214" errors="0">
  <testcase name="setup" time="37.59" classname="FirstTest.CNN">
    <failure type="java.lang.ClassCastException" message="FirstTest.CNN cannot be cast to FirstTest.BaseTest">
      <![CDATA[java.lang.ClassCastException: FirstTest.CNN cannot be cast to FirstTest.BaseTest
at Listener.Retry.extendReportsFailOperations(Retry.java:36)
at Listener.Retry.retry(Retry.java:25)
... Removed 21 stack frames]]>
    </failure>
  </testcase> <!-- setup -->
</testsuite> <!-- Free CRM App Test Cases -->
